2019-09-03 09:51:13,388 [main] INFO  org.mule.munit.remote.RemoteRunner - Run Started
2019-09-03 09:51:18,996 [main] INFO  org.mule.maven.client.internal.AetherMavenClient - About to fetch required dependencies for artifact: com.mulesoft.mule.distributions:mule-runtime-impl-bom:pom:4.1.1. This may take a while...
2019-09-03 09:51:20,077 [main] INFO  org.mule.maven.client.internal.AetherMavenClient - About to fetch required dependencies for artifact: com.mulesoft.mule.distributions:mule-runtime-impl-bom:pom:4.1.1. This may take a while...
2019-09-03 09:51:20,439 [main] INFO  org.mule.maven.client.internal.AetherMavenClient - About to fetch required dependencies for artifact: org.mule.distributions:mule-module-embedded-impl-bom:pom:4.1.1. This may take a while...
2019-09-03 09:51:46,927 [main] INFO  org.mule.munit.remote.coverage.CoverageManager - Starting coverage server
2019-09-03 09:51:46,928 [Thread-2] INFO  org.mule.munit.plugins.coverage.server.CoverageServer - Coverage Server starting...
2019-09-03 09:51:46,928 [Thread-2] INFO  org.mule.munit.plugins.coverage.server.CoverageServer - Waiting for coverage client connection in port [50369]...
2019-09-03 09:51:58,143 [Thread-2] INFO  org.mule.munit.plugins.coverage.server.CoverageServer - Coverage client connection received from localhost - true
2019-09-03 09:51:58,151 [Thread-2] INFO  org.mule.munit.remote.coverage.CoverageManager - accumulating covered locations
2019-09-03 09:51:58,151 [Thread-2] INFO  org.mule.munit.plugins.coverage.server.CoverageServer - Coverage client connection received from localhost - true
2019-09-03 09:51:58,152 [Thread-2] INFO  org.mule.munit.remote.coverage.CoverageManager - accumulating covered locations
2019-09-03 09:52:04,974 [main] INFO  org.mule.munit.remote.coverage.CoverageManager - Shutting down coverage server
2019-09-03 09:52:04,974 [main] INFO  org.mule.munit.remote.coverage.CoverageManager - Calculating application coverage
2019-09-03 09:52:04,994 [main] INFO  org.mule.munit.remote.RemoteRunner - Done
2019-09-03 09:53:42,730 [main] INFO  org.mule.munit.remote.RemoteRunner - Run Started
2019-09-03 09:53:47,971 [main] INFO  org.mule.maven.client.internal.AetherMavenClient - About to fetch required dependencies for artifact: com.mulesoft.mule.distributions:mule-runtime-impl-bom:pom:4.1.1. This may take a while...
2019-09-03 09:53:48,711 [main] INFO  org.mule.maven.client.internal.AetherMavenClient - About to fetch required dependencies for artifact: com.mulesoft.mule.distributions:mule-runtime-impl-bom:pom:4.1.1. This may take a while...
2019-09-03 09:53:49,026 [main] INFO  org.mule.maven.client.internal.AetherMavenClient - About to fetch required dependencies for artifact: org.mule.distributions:mule-module-embedded-impl-bom:pom:4.1.1. This may take a while...
2019-09-03 09:54:13,441 [main] INFO  org.mule.munit.remote.coverage.CoverageManager - Starting coverage server
2019-09-03 09:54:13,442 [Thread-2] INFO  org.mule.munit.plugins.coverage.server.CoverageServer - Coverage Server starting...
2019-09-03 09:54:13,442 [Thread-2] INFO  org.mule.munit.plugins.coverage.server.CoverageServer - Waiting for coverage client connection in port [50368]...
2019-09-03 09:54:23,758 [Thread-2] INFO  org.mule.munit.plugins.coverage.server.CoverageServer - Coverage client connection received from localhost - true
2019-09-03 09:54:23,762 [Thread-2] INFO  org.mule.munit.remote.coverage.CoverageManager - accumulating covered locations
2019-09-03 09:54:23,764 [Thread-2] INFO  org.mule.munit.plugins.coverage.server.CoverageServer - Coverage client connection received from localhost - true
2019-09-03 09:54:23,764 [Thread-2] INFO  org.mule.munit.remote.coverage.CoverageManager - accumulating covered locations
2019-09-03 09:54:30,943 [main] INFO  org.mule.munit.remote.coverage.CoverageManager - Shutting down coverage server
2019-09-03 09:54:30,943 [main] INFO  org.mule.munit.remote.coverage.CoverageManager - Calculating application coverage
2019-09-03 09:54:30,956 [main] INFO  org.mule.munit.remote.RemoteRunner - Done
